<?xml version="1.0" encoding="UTF-8"?>
<testsuites>
  <testsuite name="CodeIgniter Application Test Suite" tests="7" assertions="14" failures="0" errors="0" time="0.197314">
    <testsuite name="Requests_test" file="/home/codio/workspace/r2projekti/application/tests/controllers/api/Requests_test.php" tests="7" assertions="14" failures="0" errors="0" time="0.197314">
      <testcase name="test_get_products_1" class="Requests_test" file="/home/codio/workspace/r2projekti/application/tests/controllers/api/Requests_test.php" line="79" assertions="2" time="0.103627"/>
      <testcase name="test_get_user_1_collections" class="Requests_test" file="/home/codio/workspace/r2projekti/application/tests/controllers/api/Requests_test.php" line="97" assertions="2" time="0.015888"/>
      <testcase name="test_get_user_1_comments" class="Requests_test" file="/home/codio/workspace/r2projekti/application/tests/controllers/api/Requests_test.php" line="112" assertions="2" time="0.015643"/>
      <testcase name="test_get_user_1_reviews" class="Requests_test" file="/home/codio/workspace/r2projekti/application/tests/controllers/api/Requests_test.php" line="127" assertions="2" time="0.016488"/>
      <testcase name="test_get_user_1" class="Requests_test" file="/home/codio/workspace/r2projekti/application/tests/controllers/api/Requests_test.php" line="142" assertions="2" time="0.015464"/>
      <testcase name="test_get_products_1_reviews" class="Requests_test" file="/home/codio/workspace/r2projekti/application/tests/controllers/api/Requests_test.php" line="157" assertions="2" time="0.015207"/>
      <testcase name="test_get_products_1_comments" class="Requests_test" file="/home/codio/workspace/r2projekti/application/tests/controllers/api/Requests_test.php" line="172" assertions="2" time="0.014997"/>
    </testsuite>
  </testsuite>
</testsuites>
