<?xml version="1.0" encoding="UTF-8"?>
<testsuites>
  <testsuite name="CodeIgniter Application Test Suite" tests="5" assertions="7" failures="0" errors="0" time="0.019462">
    <testsuite name="My_projekti_test" file="/home/codio/workspace/r2projekti/application/tests/controllers/My_projekti_test.php" tests="5" assertions="7" failures="0" errors="0" time="0.019462">
      <testcase name="test_APPPATH" class="My_projekti_test" file="/home/codio/workspace/r2projekti/application/tests/controllers/My_projekti_test.php" line="8" assertions="1" time="0.000605"/>
      <testcase name="test_404" class="My_projekti_test" file="/home/codio/workspace/r2projekti/application/tests/controllers/My_projekti_test.php" line="22" assertions="1" time="0.004754"/>
      <testcase name="test_404_2" class="My_projekti_test" file="/home/codio/workspace/r2projekti/application/tests/controllers/My_projekti_test.php" line="31" assertions="1" time="0.004730"/>
      <testcase name="test_index_by_function" class="My_projekti_test" file="/home/codio/workspace/r2projekti/application/tests/controllers/My_projekti_test.php" line="40" assertions="2" time="0.004433"/>
      <testcase name="test_index_by_url" class="My_projekti_test" file="/home/codio/workspace/r2projekti/application/tests/controllers/My_projekti_test.php" line="50" assertions="2" time="0.004940"/>
    </testsuite>
  </testsuite>
</testsuites>
