<?xml version="1.0" encoding="UTF-8"?>
<testsuites>
  <testsuite name="CodeIgniter Application Test Suite" tests="64" assertions="133" failures="4" errors="0" time="0.794614">
    <testsuite name="My_projekti_test" file="/home/codio/workspace/r2projekti/application/tests/controllers/My_projekti_test.php" tests="45" assertions="113" failures="0" errors="0" time="0.635012">
      <testcase name="test_APPPATH" class="My_projekti_test" file="/home/codio/workspace/r2projekti/application/tests/controllers/My_projekti_test.php" line="21" assertions="1" time="0.001081"/>
      <testcase name="test_404" class="My_projekti_test" file="/home/codio/workspace/r2projekti/application/tests/controllers/My_projekti_test.php" line="35" assertions="1" time="0.017429"/>
      <testcase name="test_404_2" class="My_projekti_test" file="/home/codio/workspace/r2projekti/application/tests/controllers/My_projekti_test.php" line="44" assertions="1" time="0.016169"/>
      <testcase name="test_index_by_function" class="My_projekti_test" file="/home/codio/workspace/r2projekti/application/tests/controllers/My_projekti_test.php" line="53" assertions="2" time="0.017203"/>
      <testcase name="test_index_by_uri" class="My_projekti_test" file="/home/codio/workspace/r2projekti/application/tests/controllers/My_projekti_test.php" line="63" assertions="2" time="0.013371"/>
      <testcase name="test_booklist_by_uri" class="My_projekti_test" file="/home/codio/workspace/r2projekti/application/tests/controllers/My_projekti_test.php" line="73" assertions="3" time="0.019551"/>
      <testcase name="test_bookview_by_null_uri" class="My_projekti_test" file="/home/codio/workspace/r2projekti/application/tests/controllers/My_projekti_test.php" line="87" assertions="3" time="0.014294"/>
      <testcase name="test_bookview_by_valid_uri" class="My_projekti_test" file="/home/codio/workspace/r2projekti/application/tests/controllers/My_projekti_test.php" line="101" assertions="3" time="0.019679"/>
      <testcase name="test_bookview_by_invalid_uri" class="My_projekti_test" file="/home/codio/workspace/r2projekti/application/tests/controllers/My_projekti_test.php" line="115" assertions="3" time="0.015005"/>
      <testcase name="test_bookview_by_unused_uri" class="My_projekti_test" file="/home/codio/workspace/r2projekti/application/tests/controllers/My_projekti_test.php" line="129" assertions="3" time="0.010123"/>
      <testcase name="test_bookview_by_malformed_uri" class="My_projekti_test" file="/home/codio/workspace/r2projekti/application/tests/controllers/My_projekti_test.php" line="143" assertions="3" time="0.012165"/>
      <testcase name="test_bookview_by_valid_uri_with_commentlist" class="My_projekti_test" file="/home/codio/workspace/r2projekti/application/tests/controllers/My_projekti_test.php" line="157" assertions="3" time="0.016913"/>
      <testcase name="test_bookview_by_valid_uri_with_reviews" class="My_projekti_test" file="/home/codio/workspace/r2projekti/application/tests/controllers/My_projekti_test.php" line="171" assertions="3" time="0.013306"/>
      <testcase name="test_bookview_by_valid_uri_with_collections" class="My_projekti_test" file="/home/codio/workspace/r2projekti/application/tests/controllers/My_projekti_test.php" line="185" assertions="3" time="0.014284"/>
      <testcase name="test_bookview_by_valid_uri_no_commentig_without_login" class="My_projekti_test" file="/home/codio/workspace/r2projekti/application/tests/controllers/My_projekti_test.php" line="199" assertions="3" time="0.014963"/>
      <testcase name="test_review_by_null_uri" class="My_projekti_test" file="/home/codio/workspace/r2projekti/application/tests/controllers/My_projekti_test.php" line="215" assertions="3" time="0.010897"/>
      <testcase name="test_review_by_valid_uri" class="My_projekti_test" file="/home/codio/workspace/r2projekti/application/tests/controllers/My_projekti_test.php" line="229" assertions="3" time="0.017667"/>
      <testcase name="test_review_by_valid_uri_with_commentlist" class="My_projekti_test" file="/home/codio/workspace/r2projekti/application/tests/controllers/My_projekti_test.php" line="243" assertions="3" time="0.016593"/>
      <testcase name="test_review_by_valid_uri_no_commenting_without_login" class="My_projekti_test" file="/home/codio/workspace/r2projekti/application/tests/controllers/My_projekti_test.php" line="257" assertions="3" time="0.016668"/>
      <testcase name="test_review_by_invalid_uri" class="My_projekti_test" file="/home/codio/workspace/r2projekti/application/tests/controllers/My_projekti_test.php" line="272" assertions="3" time="0.012841"/>
      <testcase name="test_review_by_unused_uri" class="My_projekti_test" file="/home/codio/workspace/r2projekti/application/tests/controllers/My_projekti_test.php" line="286" assertions="3" time="0.016246"/>
      <testcase name="test_review_by_malformed_uri" class="My_projekti_test" file="/home/codio/workspace/r2projekti/application/tests/controllers/My_projekti_test.php" line="300" assertions="3" time="0.015421"/>
      <testcase name="test_userview_by_null_uri" class="My_projekti_test" file="/home/codio/workspace/r2projekti/application/tests/controllers/My_projekti_test.php" line="314" assertions="3" time="0.016853"/>
      <testcase name="test_userview_by_valid_uri" class="My_projekti_test" file="/home/codio/workspace/r2projekti/application/tests/controllers/My_projekti_test.php" line="328" assertions="3" time="0.019873"/>
      <testcase name="test_userview_by_invalid_uri" class="My_projekti_test" file="/home/codio/workspace/r2projekti/application/tests/controllers/My_projekti_test.php" line="342" assertions="3" time="0.012941"/>
      <testcase name="test_userview_by_unused_uri" class="My_projekti_test" file="/home/codio/workspace/r2projekti/application/tests/controllers/My_projekti_test.php" line="356" assertions="3" time="0.013290"/>
      <testcase name="test_userview_by_malformed_uri" class="My_projekti_test" file="/home/codio/workspace/r2projekti/application/tests/controllers/My_projekti_test.php" line="370" assertions="3" time="0.013374"/>
      <testcase name="test_userview_by_valid_uri_with_commentlist" class="My_projekti_test" file="/home/codio/workspace/r2projekti/application/tests/controllers/My_projekti_test.php" line="384" assertions="3" time="0.018829"/>
      <testcase name="test_userview_by_valid_uri_with_collections" class="My_projekti_test" file="/home/codio/workspace/r2projekti/application/tests/controllers/My_projekti_test.php" line="398" assertions="3" time="0.019046"/>
      <testcase name="test_userview_by_valid_uri_no_commenting_without_login" class="My_projekti_test" file="/home/codio/workspace/r2projekti/application/tests/controllers/My_projekti_test.php" line="412" assertions="3" time="0.018973"/>
      <testcase name="test_collectionview_by_null_uri" class="My_projekti_test" file="/home/codio/workspace/r2projekti/application/tests/controllers/My_projekti_test.php" line="428" assertions="3" time="0.013097"/>
      <testcase name="test_collectionview_by_valid_uri" class="My_projekti_test" file="/home/codio/workspace/r2projekti/application/tests/controllers/My_projekti_test.php" line="442" assertions="3" time="0.014942"/>
      <testcase name="test_collectionview_by_invalid_uri" class="My_projekti_test" file="/home/codio/workspace/r2projekti/application/tests/controllers/My_projekti_test.php" line="456" assertions="3" time="0.013031"/>
      <testcase name="test_collectionview_by_unused_uri" class="My_projekti_test" file="/home/codio/workspace/r2projekti/application/tests/controllers/My_projekti_test.php" line="470" assertions="3" time="0.014189"/>
      <testcase name="test_collectionview_by_malformed_uri" class="My_projekti_test" file="/home/codio/workspace/r2projekti/application/tests/controllers/My_projekti_test.php" line="484" assertions="3" time="0.011826"/>
      <testcase name="test_login_by_uri" class="My_projekti_test" file="/home/codio/workspace/r2projekti/application/tests/controllers/My_projekti_test.php" line="498" assertions="3" time="0.016353"/>
      <testcase name="test_profile_edit_by_uri_without_login" class="My_projekti_test" file="/home/codio/workspace/r2projekti/application/tests/controllers/My_projekti_test.php" line="512" assertions="3" time="0.012885"/>
      <testcase name="test_registering_by_uri_without_login" class="My_projekti_test" file="/home/codio/workspace/r2projekti/application/tests/controllers/My_projekti_test.php" line="526" assertions="3" time="0.010712"/>
      <testcase name="test_reviewlist_by_uri" class="My_projekti_test" file="/home/codio/workspace/r2projekti/application/tests/controllers/My_projekti_test.php" line="540" assertions="1" time="0.009829"/>
      <testcase name="test_commentlist_by_uri" class="My_projekti_test" file="/home/codio/workspace/r2projekti/application/tests/controllers/My_projekti_test.php" line="549" assertions="1" time="0.010978"/>
      <testcase name="test_comment_by_uri" class="My_projekti_test" file="/home/codio/workspace/r2projekti/application/tests/controllers/My_projekti_test.php" line="558" assertions="1" time="0.010641"/>
      <testcase name="test_collectionlist_by_uri" class="My_projekti_test" file="/home/codio/workspace/r2projekti/application/tests/controllers/My_projekti_test.php" line="567" assertions="1" time="0.008839"/>
      <testcase name="test_login_form_by_uri" class="My_projekti_test" file="/home/codio/workspace/r2projekti/application/tests/controllers/My_projekti_test.php" line="576" assertions="1" time="0.009708"/>
      <testcase name="test_review_posted_by_uri" class="My_projekti_test" file="/home/codio/workspace/r2projekti/application/tests/controllers/My_projekti_test.php" line="585" assertions="1" time="0.008917"/>
      <testcase name="test_writereview_by_uri" class="My_projekti_test" file="/home/codio/workspace/r2projekti/application/tests/controllers/My_projekti_test.php" line="594" assertions="1" time="0.014018"/>
    </testsuite>
    <testsuite name="Requests_test" file="/home/codio/workspace/r2projekti/application/tests/controllers/api/Requests_test.php" tests="1" assertions="2" failures="0" errors="0" time="0.031502">
      <testcase name="test_get_products_1" class="Requests_test" file="/home/codio/workspace/r2projekti/application/tests/controllers/api/Requests_test.php" line="58" assertions="2" time="0.031502"/>
    </testsuite>
    <testsuite name="R2pdbmodel_model_test" file="/home/codio/workspace/r2projekti/application/tests/models/R2pdb_model_test.php" tests="18" assertions="18" failures="4" errors="0" time="0.128100">
      <testcase name="test_validate_row_id_valid" class="R2pdbmodel_model_test" file="/home/codio/workspace/r2projekti/application/tests/models/R2pdb_model_test.php" line="130" assertions="1" time="0.006581"/>
      <testcase name="test_validate_row_id_unused" class="R2pdbmodel_model_test" file="/home/codio/workspace/r2projekti/application/tests/models/R2pdb_model_test.php" line="141" assertions="1" time="0.006602"/>
      <testcase name="test_validate_row_id_invalid" class="R2pdbmodel_model_test" file="/home/codio/workspace/r2projekti/application/tests/models/R2pdb_model_test.php" line="152" assertions="1" time="0.006647"/>
      <testcase name="test_validate_row_id_malformed" class="R2pdbmodel_model_test" file="/home/codio/workspace/r2projekti/application/tests/models/R2pdb_model_test.php" line="163" assertions="1" time="0.006570">
        <failure type="PHPUnit_Framework_ExpectationFailedException">R2pdbmodel_model_test::test_validate_row_id_malformed
Failed asserting that true matches expected false.

/home/codio/workspace/r2projekti/application/tests/models/R2pdb_model_test.php:168
/home/codio/workspace/r2projekti/application/tests/phpunit.phar:545
</failure>
      </testcase>
      <testcase name="test_validate_row_id_string" class="R2pdbmodel_model_test" file="/home/codio/workspace/r2projekti/application/tests/models/R2pdb_model_test.php" line="174" assertions="1" time="0.005985"/>
      <testcase name="test_validate_row_id_unassigned" class="R2pdbmodel_model_test" file="/home/codio/workspace/r2projekti/application/tests/models/R2pdb_model_test.php" line="185" assertions="1" time="0.006879"/>
      <testcase name="test_validate_row_id_NULL" class="R2pdbmodel_model_test" file="/home/codio/workspace/r2projekti/application/tests/models/R2pdb_model_test.php" line="196" assertions="1" time="0.005962"/>
      <testcase name="test_get_rows_by_field_display_swedish_products" class="R2pdbmodel_model_test" file="/home/codio/workspace/r2projekti/application/tests/models/R2pdb_model_test.php" line="212" assertions="1" time="0.008109"/>
      <testcase name="test_get_rows_by_field_display_valid" class="R2pdbmodel_model_test" file="/home/codio/workspace/r2projekti/application/tests/models/R2pdb_model_test.php" line="223" assertions="1" time="0.007207"/>
      <testcase name="test_get_rows_by_field_display_unused" class="R2pdbmodel_model_test" file="/home/codio/workspace/r2projekti/application/tests/models/R2pdb_model_test.php" line="234" assertions="1" time="0.006758"/>
      <testcase name="test_get_rows_by_field_display_invalid" class="R2pdbmodel_model_test" file="/home/codio/workspace/r2projekti/application/tests/models/R2pdb_model_test.php" line="245" assertions="1" time="0.006669"/>
      <testcase name="test_get_rows_by_field_display_malformed" class="R2pdbmodel_model_test" file="/home/codio/workspace/r2projekti/application/tests/models/R2pdb_model_test.php" line="256" assertions="1" time="0.007374">
        <failure type="PHPUnit_Framework_ExpectationFailedException">R2pdbmodel_model_test::test_get_rows_by_field_display_malformed
Array (...) does not match expected type "NULL".

/home/codio/workspace/r2projekti/application/tests/models/R2pdb_model_test.php:261
/home/codio/workspace/r2projekti/application/tests/phpunit.phar:545
</failure>
      </testcase>
      <testcase name="test_get_rows_by_field_display_string" class="R2pdbmodel_model_test" file="/home/codio/workspace/r2projekti/application/tests/models/R2pdb_model_test.php" line="267" assertions="1" time="0.010986">
        <failure type="PHPUnit_Framework_ExpectationFailedException">R2pdbmodel_model_test::test_get_rows_by_field_display_string
Array () does not match expected type "NULL".

/home/codio/workspace/r2projekti/application/tests/models/R2pdb_model_test.php:272
/home/codio/workspace/r2projekti/application/tests/phpunit.phar:545
</failure>
      </testcase>
      <testcase name="test_get_rows_by_field_display_unassigned" class="R2pdbmodel_model_test" file="/home/codio/workspace/r2projekti/application/tests/models/R2pdb_model_test.php" line="278" assertions="1" time="0.008077"/>
      <testcase name="test_get_rows_by_field_display_null" class="R2pdbmodel_model_test" file="/home/codio/workspace/r2projekti/application/tests/models/R2pdb_model_test.php" line="289" assertions="1" time="0.006984">
        <failure type="PHPUnit_Framework_ExpectationFailedException">R2pdbmodel_model_test::test_get_rows_by_field_display_null
Array () does not match expected type "NULL".

/home/codio/workspace/r2projekti/application/tests/models/R2pdb_model_test.php:294
/home/codio/workspace/r2projekti/application/tests/phpunit.phar:545
</failure>
      </testcase>
      <testcase name="test_get_collections" class="R2pdbmodel_model_test" file="/home/codio/workspace/r2projekti/application/tests/models/R2pdb_model_test.php" line="373" assertions="1" time="0.006438"/>
      <testcase name="test_get_empty_collection" class="R2pdbmodel_model_test" file="/home/codio/workspace/r2projekti/application/tests/models/R2pdb_model_test.php" line="383" assertions="1" time="0.007201"/>
      <testcase name="test_get_comment_by_id_display" class="R2pdbmodel_model_test" file="/home/codio/workspace/r2projekti/application/tests/models/R2pdb_model_test.php" line="401" assertions="1" time="0.007071"/>
    </testsuite>
  </testsuite>
</testsuites>
