<?xml version="1.0" encoding="UTF-8"?>
<testsuites>
  <testsuite name="CodeIgniter Application Test Suite" tests="85" assertions="160" failures="14" errors="0" time="1.008387">
    <testsuite name="My_projekti_test" file="/home/codio/workspace/r2projekti/application/tests/controllers/My_projekti_test.php" tests="45" assertions="113" failures="0" errors="0" time="0.621946">
      <testcase name="test_APPPATH" class="My_projekti_test" file="/home/codio/workspace/r2projekti/application/tests/controllers/My_projekti_test.php" line="21" assertions="1" time="0.000558"/>
      <testcase name="test_404" class="My_projekti_test" file="/home/codio/workspace/r2projekti/application/tests/controllers/My_projekti_test.php" line="35" assertions="1" time="0.070700"/>
      <testcase name="test_404_2" class="My_projekti_test" file="/home/codio/workspace/r2projekti/application/tests/controllers/My_projekti_test.php" line="44" assertions="1" time="0.017294"/>
      <testcase name="test_index_by_function" class="My_projekti_test" file="/home/codio/workspace/r2projekti/application/tests/controllers/My_projekti_test.php" line="53" assertions="2" time="0.013668"/>
      <testcase name="test_index_by_uri" class="My_projekti_test" file="/home/codio/workspace/r2projekti/application/tests/controllers/My_projekti_test.php" line="63" assertions="2" time="0.008772"/>
      <testcase name="test_booklist_by_uri" class="My_projekti_test" file="/home/codio/workspace/r2projekti/application/tests/controllers/My_projekti_test.php" line="73" assertions="3" time="0.014347"/>
      <testcase name="test_bookview_by_null_uri" class="My_projekti_test" file="/home/codio/workspace/r2projekti/application/tests/controllers/My_projekti_test.php" line="87" assertions="3" time="0.012085"/>
      <testcase name="test_bookview_by_valid_uri" class="My_projekti_test" file="/home/codio/workspace/r2projekti/application/tests/controllers/My_projekti_test.php" line="101" assertions="3" time="0.020617"/>
      <testcase name="test_bookview_by_invalid_uri" class="My_projekti_test" file="/home/codio/workspace/r2projekti/application/tests/controllers/My_projekti_test.php" line="115" assertions="3" time="0.008766"/>
      <testcase name="test_bookview_by_unused_uri" class="My_projekti_test" file="/home/codio/workspace/r2projekti/application/tests/controllers/My_projekti_test.php" line="129" assertions="3" time="0.009027"/>
      <testcase name="test_bookview_by_malformed_uri" class="My_projekti_test" file="/home/codio/workspace/r2projekti/application/tests/controllers/My_projekti_test.php" line="143" assertions="3" time="0.008576"/>
      <testcase name="test_bookview_by_valid_uri_with_commentlist" class="My_projekti_test" file="/home/codio/workspace/r2projekti/application/tests/controllers/My_projekti_test.php" line="157" assertions="3" time="0.012379"/>
      <testcase name="test_bookview_by_valid_uri_with_reviews" class="My_projekti_test" file="/home/codio/workspace/r2projekti/application/tests/controllers/My_projekti_test.php" line="171" assertions="3" time="0.012175"/>
      <testcase name="test_bookview_by_valid_uri_with_collections" class="My_projekti_test" file="/home/codio/workspace/r2projekti/application/tests/controllers/My_projekti_test.php" line="185" assertions="3" time="0.012393"/>
      <testcase name="test_bookview_by_valid_uri_no_commentig_without_login" class="My_projekti_test" file="/home/codio/workspace/r2projekti/application/tests/controllers/My_projekti_test.php" line="199" assertions="3" time="0.013286"/>
      <testcase name="test_review_by_null_uri" class="My_projekti_test" file="/home/codio/workspace/r2projekti/application/tests/controllers/My_projekti_test.php" line="215" assertions="3" time="0.010118"/>
      <testcase name="test_review_by_valid_uri" class="My_projekti_test" file="/home/codio/workspace/r2projekti/application/tests/controllers/My_projekti_test.php" line="229" assertions="3" time="0.033058"/>
      <testcase name="test_review_by_valid_uri_with_commentlist" class="My_projekti_test" file="/home/codio/workspace/r2projekti/application/tests/controllers/My_projekti_test.php" line="243" assertions="3" time="0.011858"/>
      <testcase name="test_review_by_valid_uri_no_commenting_without_login" class="My_projekti_test" file="/home/codio/workspace/r2projekti/application/tests/controllers/My_projekti_test.php" line="257" assertions="3" time="0.011385"/>
      <testcase name="test_review_by_invalid_uri" class="My_projekti_test" file="/home/codio/workspace/r2projekti/application/tests/controllers/My_projekti_test.php" line="272" assertions="3" time="0.008558"/>
      <testcase name="test_review_by_unused_uri" class="My_projekti_test" file="/home/codio/workspace/r2projekti/application/tests/controllers/My_projekti_test.php" line="286" assertions="3" time="0.008920"/>
      <testcase name="test_review_by_malformed_uri" class="My_projekti_test" file="/home/codio/workspace/r2projekti/application/tests/controllers/My_projekti_test.php" line="300" assertions="3" time="0.008834"/>
      <testcase name="test_userview_by_null_uri" class="My_projekti_test" file="/home/codio/workspace/r2projekti/application/tests/controllers/My_projekti_test.php" line="314" assertions="3" time="0.008591"/>
      <testcase name="test_userview_by_valid_uri" class="My_projekti_test" file="/home/codio/workspace/r2projekti/application/tests/controllers/My_projekti_test.php" line="328" assertions="3" time="0.018472"/>
      <testcase name="test_userview_by_invalid_uri" class="My_projekti_test" file="/home/codio/workspace/r2projekti/application/tests/controllers/My_projekti_test.php" line="342" assertions="3" time="0.008825"/>
      <testcase name="test_userview_by_unused_uri" class="My_projekti_test" file="/home/codio/workspace/r2projekti/application/tests/controllers/My_projekti_test.php" line="356" assertions="3" time="0.009096"/>
      <testcase name="test_userview_by_malformed_uri" class="My_projekti_test" file="/home/codio/workspace/r2projekti/application/tests/controllers/My_projekti_test.php" line="370" assertions="3" time="0.008666"/>
      <testcase name="test_userview_by_valid_uri_with_commentlist" class="My_projekti_test" file="/home/codio/workspace/r2projekti/application/tests/controllers/My_projekti_test.php" line="384" assertions="3" time="0.012871"/>
      <testcase name="test_userview_by_valid_uri_with_collections" class="My_projekti_test" file="/home/codio/workspace/r2projekti/application/tests/controllers/My_projekti_test.php" line="398" assertions="3" time="0.012664"/>
      <testcase name="test_userview_by_valid_uri_no_commenting_without_login" class="My_projekti_test" file="/home/codio/workspace/r2projekti/application/tests/controllers/My_projekti_test.php" line="412" assertions="3" time="0.012960"/>
      <testcase name="test_collectionview_by_null_uri" class="My_projekti_test" file="/home/codio/workspace/r2projekti/application/tests/controllers/My_projekti_test.php" line="428" assertions="3" time="0.009398"/>
      <testcase name="test_collectionview_by_valid_uri" class="My_projekti_test" file="/home/codio/workspace/r2projekti/application/tests/controllers/My_projekti_test.php" line="442" assertions="3" time="0.014496"/>
      <testcase name="test_collectionview_by_invalid_uri" class="My_projekti_test" file="/home/codio/workspace/r2projekti/application/tests/controllers/My_projekti_test.php" line="456" assertions="3" time="0.009201"/>
      <testcase name="test_collectionview_by_unused_uri" class="My_projekti_test" file="/home/codio/workspace/r2projekti/application/tests/controllers/My_projekti_test.php" line="470" assertions="3" time="0.010378"/>
      <testcase name="test_collectionview_by_malformed_uri" class="My_projekti_test" file="/home/codio/workspace/r2projekti/application/tests/controllers/My_projekti_test.php" line="484" assertions="3" time="0.013285"/>
      <testcase name="test_login_by_uri" class="My_projekti_test" file="/home/codio/workspace/r2projekti/application/tests/controllers/My_projekti_test.php" line="498" assertions="3" time="0.037405"/>
      <testcase name="test_profile_edit_by_uri_without_login" class="My_projekti_test" file="/home/codio/workspace/r2projekti/application/tests/controllers/My_projekti_test.php" line="512" assertions="3" time="0.013355"/>
      <testcase name="test_registering_by_uri_without_login" class="My_projekti_test" file="/home/codio/workspace/r2projekti/application/tests/controllers/My_projekti_test.php" line="526" assertions="3" time="0.024936"/>
      <testcase name="test_reviewlist_by_uri" class="My_projekti_test" file="/home/codio/workspace/r2projekti/application/tests/controllers/My_projekti_test.php" line="540" assertions="1" time="0.008550"/>
      <testcase name="test_commentlist_by_uri" class="My_projekti_test" file="/home/codio/workspace/r2projekti/application/tests/controllers/My_projekti_test.php" line="549" assertions="1" time="0.008656"/>
      <testcase name="test_comment_by_uri" class="My_projekti_test" file="/home/codio/workspace/r2projekti/application/tests/controllers/My_projekti_test.php" line="558" assertions="1" time="0.010843"/>
      <testcase name="test_collectionlist_by_uri" class="My_projekti_test" file="/home/codio/workspace/r2projekti/application/tests/controllers/My_projekti_test.php" line="567" assertions="1" time="0.008650"/>
      <testcase name="test_login_form_by_uri" class="My_projekti_test" file="/home/codio/workspace/r2projekti/application/tests/controllers/My_projekti_test.php" line="576" assertions="1" time="0.010347"/>
      <testcase name="test_review_posted_by_uri" class="My_projekti_test" file="/home/codio/workspace/r2projekti/application/tests/controllers/My_projekti_test.php" line="585" assertions="1" time="0.011407"/>
      <testcase name="test_writereview_by_uri" class="My_projekti_test" file="/home/codio/workspace/r2projekti/application/tests/controllers/My_projekti_test.php" line="594" assertions="1" time="0.011519"/>
    </testsuite>
    <testsuite name="Requests_test" file="/home/codio/workspace/r2projekti/application/tests/controllers/api/Requests_test.php" tests="7" assertions="14" failures="0" errors="0" time="0.110318">
      <testcase name="test_get_products_1" class="Requests_test" file="/home/codio/workspace/r2projekti/application/tests/controllers/api/Requests_test.php" line="79" assertions="2" time="0.019790"/>
      <testcase name="test_get_user_1_collections" class="Requests_test" file="/home/codio/workspace/r2projekti/application/tests/controllers/api/Requests_test.php" line="97" assertions="2" time="0.015721"/>
      <testcase name="test_get_user_1_comments" class="Requests_test" file="/home/codio/workspace/r2projekti/application/tests/controllers/api/Requests_test.php" line="112" assertions="2" time="0.014679"/>
      <testcase name="test_get_user_1_reviews" class="Requests_test" file="/home/codio/workspace/r2projekti/application/tests/controllers/api/Requests_test.php" line="127" assertions="2" time="0.015193"/>
      <testcase name="test_get_user_1" class="Requests_test" file="/home/codio/workspace/r2projekti/application/tests/controllers/api/Requests_test.php" line="142" assertions="2" time="0.015135"/>
      <testcase name="test_get_products_1_reviews" class="Requests_test" file="/home/codio/workspace/r2projekti/application/tests/controllers/api/Requests_test.php" line="157" assertions="2" time="0.014847"/>
      <testcase name="test_get_products_1_comments" class="Requests_test" file="/home/codio/workspace/r2projekti/application/tests/controllers/api/Requests_test.php" line="172" assertions="2" time="0.014953"/>
    </testsuite>
    <testsuite name="R2pdbmodel_model_test" file="/home/codio/workspace/r2projekti/application/tests/models/R2pdb_model_test.php" tests="33" assertions="33" failures="14" errors="0" time="0.276123">
      <testcase name="test_validate_row_id_valid" class="R2pdbmodel_model_test" file="/home/codio/workspace/r2projekti/application/tests/models/R2pdb_model_test.php" line="135" assertions="1" time="0.006665"/>
      <testcase name="test_validate_row_id_unused" class="R2pdbmodel_model_test" file="/home/codio/workspace/r2projekti/application/tests/models/R2pdb_model_test.php" line="146" assertions="1" time="0.006605"/>
      <testcase name="test_validate_row_id_invalid" class="R2pdbmodel_model_test" file="/home/codio/workspace/r2projekti/application/tests/models/R2pdb_model_test.php" line="157" assertions="1" time="0.008824"/>
      <testcase name="test_validate_row_id_malformed" class="R2pdbmodel_model_test" file="/home/codio/workspace/r2projekti/application/tests/models/R2pdb_model_test.php" line="168" assertions="1" time="0.012034">
        <failure type="PHPUnit_Framework_ExpectationFailedException">R2pdbmodel_model_test::test_validate_row_id_malformed
Failed asserting that true matches expected false.

/home/codio/workspace/r2projekti/application/tests/models/R2pdb_model_test.php:173
/home/codio/workspace/r2projekti/application/tests/phpunit.phar:545
</failure>
      </testcase>
      <testcase name="test_validate_row_id_string" class="R2pdbmodel_model_test" file="/home/codio/workspace/r2projekti/application/tests/models/R2pdb_model_test.php" line="179" assertions="1" time="0.010817"/>
      <testcase name="test_validate_row_id_unassigned" class="R2pdbmodel_model_test" file="/home/codio/workspace/r2projekti/application/tests/models/R2pdb_model_test.php" line="190" assertions="1" time="0.009494"/>
      <testcase name="test_validate_row_id_NULL" class="R2pdbmodel_model_test" file="/home/codio/workspace/r2projekti/application/tests/models/R2pdb_model_test.php" line="201" assertions="1" time="0.009046"/>
      <testcase name="test_get_rows_by_field_display_swedish_products" class="R2pdbmodel_model_test" file="/home/codio/workspace/r2projekti/application/tests/models/R2pdb_model_test.php" line="217" assertions="1" time="0.016426"/>
      <testcase name="test_get_rows_by_field_display_valid" class="R2pdbmodel_model_test" file="/home/codio/workspace/r2projekti/application/tests/models/R2pdb_model_test.php" line="228" assertions="1" time="0.022769"/>
      <testcase name="test_get_rows_by_field_display_unused" class="R2pdbmodel_model_test" file="/home/codio/workspace/r2projekti/application/tests/models/R2pdb_model_test.php" line="239" assertions="1" time="0.010512"/>
      <testcase name="test_get_rows_by_field_display_invalid" class="R2pdbmodel_model_test" file="/home/codio/workspace/r2projekti/application/tests/models/R2pdb_model_test.php" line="250" assertions="1" time="0.007380"/>
      <testcase name="test_get_rows_by_field_display_malformed" class="R2pdbmodel_model_test" file="/home/codio/workspace/r2projekti/application/tests/models/R2pdb_model_test.php" line="261" assertions="1" time="0.007127">
        <failure type="PHPUnit_Framework_ExpectationFailedException">R2pdbmodel_model_test::test_get_rows_by_field_display_malformed
Array (...) does not match expected type "NULL".

/home/codio/workspace/r2projekti/application/tests/models/R2pdb_model_test.php:266
/home/codio/workspace/r2projekti/application/tests/phpunit.phar:545
</failure>
      </testcase>
      <testcase name="test_get_rows_by_field_display_string" class="R2pdbmodel_model_test" file="/home/codio/workspace/r2projekti/application/tests/models/R2pdb_model_test.php" line="272" assertions="1" time="0.007159">
        <failure type="PHPUnit_Framework_ExpectationFailedException">R2pdbmodel_model_test::test_get_rows_by_field_display_string
Array () does not match expected type "NULL".

/home/codio/workspace/r2projekti/application/tests/models/R2pdb_model_test.php:277
/home/codio/workspace/r2projekti/application/tests/phpunit.phar:545
</failure>
      </testcase>
      <testcase name="test_get_rows_by_field_display_unassigned" class="R2pdbmodel_model_test" file="/home/codio/workspace/r2projekti/application/tests/models/R2pdb_model_test.php" line="283" assertions="1" time="0.007181"/>
      <testcase name="test_get_rows_by_field_display_null" class="R2pdbmodel_model_test" file="/home/codio/workspace/r2projekti/application/tests/models/R2pdb_model_test.php" line="294" assertions="1" time="0.007327">
        <failure type="PHPUnit_Framework_ExpectationFailedException">R2pdbmodel_model_test::test_get_rows_by_field_display_null
Array () does not match expected type "NULL".

/home/codio/workspace/r2projekti/application/tests/models/R2pdb_model_test.php:299
/home/codio/workspace/r2projekti/application/tests/phpunit.phar:545
</failure>
      </testcase>
      <testcase name="test_get_collections" class="R2pdbmodel_model_test" file="/home/codio/workspace/r2projekti/application/tests/models/R2pdb_model_test.php" line="327" assertions="1" time="0.006697"/>
      <testcase name="test_get_empty_collection" class="R2pdbmodel_model_test" file="/home/codio/workspace/r2projekti/application/tests/models/R2pdb_model_test.php" line="337" assertions="1" time="0.007435"/>
      <testcase name="test_get_comment_by_id_display" class="R2pdbmodel_model_test" file="/home/codio/workspace/r2projekti/application/tests/models/R2pdb_model_test.php" line="355" assertions="1" time="0.007290"/>
      <testcase name="test_get_review_infos_by_product_id_display_valid" class="R2pdbmodel_model_test" file="/home/codio/workspace/r2projekti/application/tests/models/R2pdb_model_test.php" line="373" assertions="1" time="0.006564"/>
      <testcase name="test_get_review_infos_by_product_id_display_invalid" class="R2pdbmodel_model_test" file="/home/codio/workspace/r2projekti/application/tests/models/R2pdb_model_test.php" line="383" assertions="1" time="0.006821">
        <failure type="PHPUnit_Framework_ExpectationFailedException">R2pdbmodel_model_test::test_get_review_infos_by_product_id_display_invalid
Array () does not match expected type "boolean".

/home/codio/workspace/r2projekti/application/tests/models/R2pdb_model_test.php:387
/home/codio/workspace/r2projekti/application/tests/phpunit.phar:545
</failure>
      </testcase>
      <testcase name="test_get_review_infos_by_product_id_display_unused" class="R2pdbmodel_model_test" file="/home/codio/workspace/r2projekti/application/tests/models/R2pdb_model_test.php" line="393" assertions="1" time="0.007275"/>
      <testcase name="test_get_review_infos_by_product_id_display_malformed" class="R2pdbmodel_model_test" file="/home/codio/workspace/r2projekti/application/tests/models/R2pdb_model_test.php" line="403" assertions="1" time="0.006930">
        <failure type="PHPUnit_Framework_ExpectationFailedException">R2pdbmodel_model_test::test_get_review_infos_by_product_id_display_malformed
Array (...) does not match expected type "boolean".

/home/codio/workspace/r2projekti/application/tests/models/R2pdb_model_test.php:407
/home/codio/workspace/r2projekti/application/tests/phpunit.phar:545
</failure>
      </testcase>
      <testcase name="test_get_review_infos_by_product_id_display_string" class="R2pdbmodel_model_test" file="/home/codio/workspace/r2projekti/application/tests/models/R2pdb_model_test.php" line="413" assertions="1" time="0.007045">
        <failure type="PHPUnit_Framework_ExpectationFailedException">R2pdbmodel_model_test::test_get_review_infos_by_product_id_display_string
Array () does not match expected type "boolean".

/home/codio/workspace/r2projekti/application/tests/models/R2pdb_model_test.php:417
/home/codio/workspace/r2projekti/application/tests/phpunit.phar:545
</failure>
      </testcase>
      <testcase name="test_get_review_infos_by_product_id_display_unassigned" class="R2pdbmodel_model_test" file="/home/codio/workspace/r2projekti/application/tests/models/R2pdb_model_test.php" line="423" assertions="1" time="0.006789">
        <failure type="PHPUnit_Framework_ExpectationFailedException">R2pdbmodel_model_test::test_get_review_infos_by_product_id_display_unassigned
Array () does not match expected type "boolean".

/home/codio/workspace/r2projekti/application/tests/models/R2pdb_model_test.php:427
/home/codio/workspace/r2projekti/application/tests/phpunit.phar:545
</failure>
      </testcase>
      <testcase name="test_get_review_infos_by_product_id_display_null" class="R2pdbmodel_model_test" file="/home/codio/workspace/r2projekti/application/tests/models/R2pdb_model_test.php" line="433" assertions="1" time="0.006872">
        <failure type="PHPUnit_Framework_ExpectationFailedException">R2pdbmodel_model_test::test_get_review_infos_by_product_id_display_null
Array () does not match expected type "NULL".

/home/codio/workspace/r2projekti/application/tests/models/R2pdb_model_test.php:437
/home/codio/workspace/r2projekti/application/tests/phpunit.phar:545
</failure>
      </testcase>
      <testcase name="test_get_user_collections_short_display_valid" class="R2pdbmodel_model_test" file="/home/codio/workspace/r2projekti/application/tests/models/R2pdb_model_test.php" line="447" assertions="1" time="0.007666"/>
      <testcase name="test_get_user_collections_short_display_invalid" class="R2pdbmodel_model_test" file="/home/codio/workspace/r2projekti/application/tests/models/R2pdb_model_test.php" line="457" assertions="1" time="0.006939">
        <failure type="PHPUnit_Framework_ExpectationFailedException">R2pdbmodel_model_test::test_get_user_collections_short_display_invalid
Array () does not match expected type "boolean".

/home/codio/workspace/r2projekti/application/tests/models/R2pdb_model_test.php:461
/home/codio/workspace/r2projekti/application/tests/phpunit.phar:545
</failure>
      </testcase>
      <testcase name="test_get_user_collections_short_display_unused" class="R2pdbmodel_model_test" file="/home/codio/workspace/r2projekti/application/tests/models/R2pdb_model_test.php" line="467" assertions="1" time="0.007050"/>
      <testcase name="test_get_user_collections_short_display_malformed" class="R2pdbmodel_model_test" file="/home/codio/workspace/r2projekti/application/tests/models/R2pdb_model_test.php" line="477" assertions="1" time="0.007348">
        <failure type="PHPUnit_Framework_ExpectationFailedException">R2pdbmodel_model_test::test_get_user_collections_short_display_malformed
Array (...) does not match expected type "boolean".

/home/codio/workspace/r2projekti/application/tests/models/R2pdb_model_test.php:481
/home/codio/workspace/r2projekti/application/tests/phpunit.phar:545
</failure>
      </testcase>
      <testcase name="test_get_user_collections_short_display_string" class="R2pdbmodel_model_test" file="/home/codio/workspace/r2projekti/application/tests/models/R2pdb_model_test.php" line="487" assertions="1" time="0.006911">
        <failure type="PHPUnit_Framework_ExpectationFailedException">R2pdbmodel_model_test::test_get_user_collections_short_display_string
Array () does not match expected type "boolean".

/home/codio/workspace/r2projekti/application/tests/models/R2pdb_model_test.php:491
/home/codio/workspace/r2projekti/application/tests/phpunit.phar:545
</failure>
      </testcase>
      <testcase name="test_get_user_collections_short_display_unassigned" class="R2pdbmodel_model_test" file="/home/codio/workspace/r2projekti/application/tests/models/R2pdb_model_test.php" line="497" assertions="1" time="0.006907">
        <failure type="PHPUnit_Framework_ExpectationFailedException">R2pdbmodel_model_test::test_get_user_collections_short_display_unassigned
Array () does not match expected type "boolean".

/home/codio/workspace/r2projekti/application/tests/models/R2pdb_model_test.php:501
/home/codio/workspace/r2projekti/application/tests/phpunit.phar:545
</failure>
      </testcase>
      <testcase name="test_get_user_collections_short_display_null" class="R2pdbmodel_model_test" file="/home/codio/workspace/r2projekti/application/tests/models/R2pdb_model_test.php" line="507" assertions="1" time="0.006741">
        <failure type="PHPUnit_Framework_ExpectationFailedException">R2pdbmodel_model_test::test_get_user_collections_short_display_null
Array () does not match expected type "NULL".

/home/codio/workspace/r2projekti/application/tests/models/R2pdb_model_test.php:511
/home/codio/workspace/r2projekti/application/tests/phpunit.phar:545
</failure>
      </testcase>
      <testcase name="test_correct_result_data_types" class="R2pdbmodel_model_test" file="/home/codio/workspace/r2projekti/application/tests/models/R2pdb_model_test.php" line="522" assertions="1" time="0.007478"/>
    </testsuite>
  </testsuite>
</testsuites>
